1	-172.32
2	-77.72
3	-317.59
4	-360.27
5	-143.62
6	-44.54
7	-353.19
8	-519.41
9	-232.76
10	-243.63
11	-86.61
12	-90.12
13	-84.73
14	-27.42
15	-99.32
16	-164.08
17	-70.81
18	-192.92
19	-97.64
20	-383.76
21	-138.87
22	-234.04
23	-103.49
24	-122.59
25	-392.06
26	-589.01
27	-343.02
28	-266.69
29	-62.78
30	-80.40
31	-108.15
32	-98.08
33	-185.26
34	-396.61
35	-94.62
36	-272.80
37	-290.93
38	-417.68
39	-121.10
40	-326.86
41	-317.75
42	-99.96
43	-34.50
44	-104.35
45	-282.01
46	-93.18
47	-122.53
48	-130.24
49	-132.24
50	-90.72
51	-219.93
52	-120.08
53	-57.65
54	-284.48
55	-101.60
56	-215.86
57	-101.36
58	-392.76
59	-60.60
60	-248.54
61	-67.18
62	-288.54
63	-127.68
64	-410.03
65	-74.15
66	-224.24
67	-388.46
68	-355.68
69	-125.28
70	-144.53
71	-213.83
72	-296.67
73	-179.89
74	-274.28
75	-221.52
76	-88.78
77	-65.38
78	-159.52
79	-75.84
80	-362.06
81	38.70
82	-86.06
83	-120.42
84	-38.54
85	-104.85
86	-358.84
87	-278.07
88	-88.12
89	-294.51
90	-102.42
91	-85.62
92	-265.46
93	-420.07
94	-98.25
95	-149.10
96	-145.30
97	-377.87
98	-185.65
99	-265.13
100	-116.74
101	-351.31
102	-84.20
103	-126.54
104	-122.52
105	-67.02
106	-160.41
107	-82.74
108	-368.79
109	-411.52
110	-123.19
111	-146.39
112	-161.33
113	-90.06
114	-233.71
115	-151.38
116	-381.46
117	-242.14
118	-159.58
119	-524.70
120	-244.16
121	-25.61
122	-364.72
123	-106.05
124	-64.56
125	-200.42
126	-576.42
127	-195.45
128	-178.01
129	-362.55
130	-301.44
131	-361.37
132	-454.48
133	-72.71
134	-164.33
135	-387.15
136	-111.18
137	-126.76
138	-77.74
139	-90.49
140	-144.76
141	-45.13
142	-164.63
143	-100.46
144	-399.80
145	-317.71
146	-294.34
147	-314.59
148	-322.47
149	-44.85
150	-375.59
151	-66.61
152	-338.10
153	-16.77
154	-333.00
155	-125.53
156	-190.01
157	-259.01
158	-221.12
159	-638.81
160	-111.38
161	-607.57
162	-139.04
163	-363.55
164	-57.54
165	-259.32
166	-65.31
167	-575.78
168	-238.28
169	-166.40
170	-308.59
171	-56.06
172	-65.61
173	-455.90
174	-348.04
175	-461.94
176	-127.46
177	-127.91
178	-539.74
179	-260.95
180	-289.74
181	-179.03
182	-235.19
183	-361.08
184	-371.96
185	-248.05
186	-77.71
187	-226.70
188	-156.81
189	-112.97
190	-126.40
191	-228.71
192	-116.87
193	-283.19
194	-245.76
195	-54.44
196	-130.48
197	-291.48
198	-378.60
199	-263.96
200	-319.82
201	-126.27
202	-295.08
203	-177.18
204	-285.88
205	-470.77
206	-119.38
207	-379.28
208	-365.98
209	-275.52
210	-403.21
211	-505.42
212	-57.68
213	-599.62
214	-444.44
215	-452.98
216	-113.67
217	-322.33
218	-342.81
219	-256.75
220	-448.81
221	-249.88
222	-465.03
223	-384.88
224	-378.71
225	-317.08
226	-262.90
227	-541.73
228	-735.10
229	-533.24
230	-602.79
231	-476.13
232	-516.77
233	-158.62
234	-322.11
235	-533.31
236	-430.86
237	-221.47
238	-360.82
239	-263.73
240	-316.95
241	-447.99
242	-183.88
243	-209.71
244	-339.02
245	-217.03
246	-247.35
247	-654.33
248	-421.20
249	-394.47
250	-507.15
251	-61.24
252	-17.83
253	-266.86
254	-481.36
255	-489.25
256	-429.46
257	-80.66
258	-422.20
259	-462.99
260	-551.80
261	-427.90
262	-426.73
263	-264.03
264	-281.93
265	-616.65
266	-55.93
267	-151.41
268	-455.58
269	-321.25
270	-171.42
271	-423.94
272	-512.27
273	-503.99
274	-521.75
275	-362.89
276	-273.55
277	-700.09
278	-467.44
279	-474.38
280	-445.13
281	-319.96
282	-538.90
283	-59.97
284	-465.00
285	-604.00
286	-95.77
287	-82.71
288	-86.71
289	-255.38
290	-555.84
291	-374.39
292	-240.38
293	-514.35
294	-207.51
295	-543.57
296	-361.75
297	-467.37
298	-603.07
299	-325.04
300	-451.82
301	-119.06
302	-506.01
303	-280.98
304	-417.81
305	-573.69
306	-365.88
307	-476.67
308	-612.23
309	-301.11
310	-383.31
311	-369.29
312	-828.08
313	-577.99
314	-476.73
315	-442.24
316	-410.05
317	-330.77
318	-460.99
319	-540.07
320	-351.96
321	-472.47
322	-417.05
323	-297.83
324	-618.38
325	-410.84
326	-377.59
327	-564.17
328	-97.75
329	-245.79
330	-619.81
331	-275.93
332	-164.28
333	-402.48
334	-588.32
335	-314.41
336	-596.68
337	-142.43
338	-435.20
339	-466.90
340	-595.92
341	-615.70
342	-482.98
343	-402.19
344	-443.18
345	-528.00
346	-349.32
347	-669.23
348	-534.45
349	-438.70
350	-421.39
351	-534.88
352	-357.13
353	-589.79
354	-580.67
355	-298.85
356	-266.89
357	-582.09
358	-564.56
359	-613.40
360	-661.81
361	-387.33
362	-338.14
363	-383.94
364	-274.48
365	-450.82
366	-415.98
367	-739.21
368	-529.09
369	-334.39
370	-182.36
371	-482.61
372	-329.38
373	-484.70
374	-831.95
375	-604.67
376	-512.70
377	-589.91
378	-601.97
379	-614.82
380	-629.07
381	-589.22
382	-637.98
383	-370.42
384	-621.81
385	-106.76
386	-379.09
387	-618.75
388	-760.64
389	-576.69
390	-457.95
391	-651.30
392	-592.64
393	-676.03
394	-541.87
395	-312.82
396	-567.78
397	-513.05
398	-673.90
399	-573.42
400	-429.10
401	-815.90
402	-891.64
403	-386.24
404	-622.64
405	-329.31
406	-301.08
407	-485.15
408	-487.87
409	-370.15
410	-201.33
411	-588.54
412	-365.53
413	-376.94
414	-529.39
415	-484.49
416	-551.64
417	-502.71
418	-494.43
419	-448.33
420	-687.59
421	-340.76
422	-221.66
423	-575.78
424	-552.00
425	-902.20
426	-700.20
427	-570.52
428	-524.67
429	-675.09
430	-426.01
431	-758.24
432	-478.83
433	-439.64
434	-438.56
435	-326.15
436	-387.54
437	-559.82
438	-606.25
439	-442.55
440	-630.91
441	-858.50
442	-419.03
443	-644.60
444	-414.97
445	-780.98
446	-453.60
447	-828.06
448	-460.12
449	-331.96
450	-752.75
451	-766.76
452	-545.91
453	-448.96
454	-473.68
455	-406.23
456	-470.61
457	-374.33
458	-489.42
459	-527.92
460	-496.55
461	-641.76
462	-688.75
463	-458.77
464	-456.10
465	-594.28
466	-444.66
467	-950.17
468	-520.30
469	-519.67
470	-873.70
471	-577.58
472	-528.51
473	-903.09
474	-196.00
475	-539.06
476	-731.70
477	-495.11
478	-288.07
479	-505.45
480	-478.47
481	-896.55
482	-702.02
483	-495.82
484	-385.53
485	-518.90
486	-244.98
487	-917.13
488	-381.80
489	-310.39
490	-445.74
491	-409.01
492	-301.24
493	-725.05
494	-275.05
495	-61.55
496	-919.81
497	-582.65
498	-842.88
499	-607.05
500	-253.88
501	-343.47
502	-751.31
503	-434.71
504	-577.77
505	-447.40
506	-672.86
507	-813.38
508	-880.05
509	-307.84
510	-437.11
511	-384.18
512	-556.81
513	-532.04
514	-659.37
515	-487.63
516	-383.72
517	-694.22
518	31.03
519	-416.68
520	-871.88
521	-283.39
522	-514.72
523	-286.14
524	-200.21
525	-336.57
526	-632.90
527	-605.27
528	-765.55
529	-293.51
530	-490.55
531	-319.56
532	-111.64
533	-552.26
534	-364.02
535	-585.56
536	32.38
537	-542.71
538	-245.38
539	-434.30
540	-391.57
541	-421.04
542	-529.93
543	-848.45
544	-378.77
545	-285.87
546	-420.60
547	-415.86
548	-481.24
549	-186.13
550	-656.33
551	39.94
552	-65.13
553	-345.51
554	-311.43
555	-543.61
556	-252.94
557	-198.04
558	-454.20
559	-178.08
560	-403.64
561	-447.37
562	-280.32
563	-353.17
564	-192.92
565	-192.53
566	-311.74
567	-312.47
568	-138.84
569	-293.24
570	-5.29
571	-243.58
572	-343.00
573	-185.16
574	-64.04
575	-79.40
576	-403.99
577	-173.15
578	-143.83
579	-265.25
580	-45.03
581	-270.71
582	-249.93
583	-287.31
584	-227.42
585	-345.43
586	-332.44
587	-66.79
588	-386.75
589	-339.06
590	-243.70
591	-80.93
592	-387.34
593	-513.47
594	-178.20
595	-413.24
596	-140.77
597	-225.05
598	-489.48
599	-254.38
600	-470.11
601	-317.04
602	-105.94
603	-359.82
604	-446.38
605	-448.32
606	-43.78
607	-358.66
608	-183.72
609	-141.06
610	-301.95
611	-516.59
612	-484.40
613	-71.00
614	-504.75
615	-210.80
616	-38.09
617	-116.94
618	-402.74
619	-84.98
620	-57.94
621	-421.52
622	-220.02
623	-47.09
624	-45.15
625	-671.17
626	-279.51
627	-32.40
628	-56.37
629	-324.22
630	-301.52
631	-471.88
632	-345.13
633	-88.97
634	-317.34
635	-175.87
636	-293.02
637	-185.12
638	-334.97
639	-158.92
640	-113.25
641	-169.15
642	-512.61
643	-146.01
644	-73.12
645	-600.16
646	-101.66
647	-310.75
648	-306.88
649	-457.92
650	-394.89
651	-297.00
652	-143.96
653	-335.57
654	-145.87
655	-324.37
656	-202.97
657	-186.22
658	-580.08
659	-292.74
660	-164.72
661	-468.16
662	-268.92
663	-207.19
664	-207.75
665	-228.80
666	-66.93
667	-346.33
668	-153.39
669	-426.32
670	-186.49
671	-153.16
672	-355.03
673	-242.01
674	-59.84
675	-277.85
676	-426.68
677	-344.48
678	-318.12
679	-54.05
680	-467.88
681	-407.34
682	-327.13
683	-319.31
684	-270.00
685	-211.52
686	-323.77
687	-358.48
688	-234.41
689	-210.52
690	-187.14
691	-79.06
692	-25.89
693	-458.71
694	-193.64
695	-174.94
696	-260.29
697	-33.66
698	-390.59
699	-326.15
700	-17.09
701	-114.73
702	-213.39
703	-559.44
704	-205.69
705	-270.12
706	-587.16
707	-322.17
708	-390.58
709	-574.88
710	-165.17
711	-141.43
712	-284.66
713	-58.69
714	-385.74
715	-272.49
716	-285.08
717	-229.00
718	-180.87
719	-203.49
720	-109.77
721	-59.08
722	-28.85
723	-327.63
724	-483.55
725	-301.07
726	-326.47
727	-110.91
728	-507.35
729	-488.62
730	-91.08
731	-29.66
732	-179.13
733	-95.04
734	-393.28
735	-47.06
736	-290.87
737	-136.49
738	-456.08
739	-326.31
740	-157.05
741	-340.56
742	-277.24
743	-218.52
744	-216.84
745	-372.41
746	-232.61
747	-279.04
748	-258.07
749	-101.83
750	-92.89
751	-408.43
752	-63.67
753	-70.03
754	-377.40
755	-303.28
756	-118.46
757	-460.24
758	-106.97
759	-340.87
760	-245.06
761	-128.79
762	-274.99
763	-569.53
764	-584.47
765	-71.53
766	-275.51
767	-91.79
768	-220.36
769	-63.10
770	-256.41
771	-410.44
772	-410.75
773	-371.78
774	-280.58
775	-182.38
776	-407.28
777	-378.91
778	-557.65
779	-235.51
780	-298.88
781	-127.80
782	31.66
783	-498.54
784	-420.03
785	-74.55
786	-297.45
787	-205.86
788	-251.57
789	-286.93
790	-138.67
791	-341.85
792	-287.54
793	-253.03
794	-319.81
795	-4.09
796	-188.51
797	-539.88
798	-382.07
799	-371.66
800	-136.90
801	-171.96
802	-217.61
803	-242.74
804	-476.07
805	-62.97
806	-75.98
807	-452.34
808	-123.98
809	-130.19
810	-302.45
811	-335.78
812	-372.13
813	-315.24
814	-254.76
815	-93.65
816	-265.23
817	-205.94
818	-222.83
819	-287.63
820	-230.21
821	-192.46
822	-136.68
823	-414.64
824	-445.76
825	-285.30
826	-196.95
827	-440.79
828	-369.35
829	-33.66
830	-234.44
831	-94.06
832	-417.91
833	-347.03
834	-383.75
835	-225.95
836	-187.72
837	-175.57
838	-213.16
839	-255.89
840	-356.55
841	-227.64
842	-108.21
843	-420.62
844	-374.06
845	-267.08
846	-345.92
847	-332.76
848	-97.06
849	-238.55
850	-360.75
851	-198.40
852	-148.65
853	-238.54
854	-220.86
855	-421.73
856	-388.05
857	-208.72
858	-160.30
859	-321.27
860	-184.04
861	-202.28
862	-165.21
863	-183.76
864	-150.23
865	-185.01
866	-272.89
867	-85.16
868	-507.63
869	-336.79
870	-333.21
871	-59.85
872	-39.60
873	-389.64
874	-209.77
875	-413.54
876	-120.14
877	-216.81
878	-315.89
879	-174.24
880	-355.48
881	-390.40
882	-232.80
883	-158.25
884	-205.65
885	-217.51
886	-249.05
887	-151.08
888	-92.59
889	-275.86
890	-414.80
891	-40.23
892	-464.00
893	-80.08
894	-394.23
895	-76.69
896	-352.09
897	-238.44
898	-426.97
899	-133.66
900	-242.93
901	-216.03
902	-192.95
903	-295.36
904	-151.53
905	-153.90
906	-317.24
907	-229.18
908	-279.72
909	-167.60
910	-310.72
911	-338.26
912	-224.22
913	-68.32
914	-21.19
915	-262.13
916	-196.87
917	-290.26
918	-218.20
919	-542.13
920	-120.63
921	-230.94
922	-425.33
923	-117.98
924	-415.45
925	-235.52
926	-385.93
927	-456.49
928	-143.28
929	-140.49
930	-92.32
931	-282.59
932	-204.97
933	-290.76
934	-277.04
935	-313.65
936	-214.06
937	-76.37
938	-335.10
939	-488.70
940	-290.15
941	-40.72
942	-169.50
943	-311.43
944	-177.11
945	-256.42
946	-136.24
947	-265.44
948	-128.00
949	-185.16
950	-290.33
951	-406.14
952	-204.24
953	-306.15
954	-251.59
955	-296.56
956	-208.01
957	-280.59
958	-289.34
959	-390.71
960	-218.45
961	-109.10
962	-246.25
963	-216.06
964	-330.80
965	-231.62
966	-146.01
967	-123.52
968	-296.53
969	-310.25
970	-190.34
971	-118.60
972	-182.23
973	-287.86
974	-151.86
975	-154.68
976	-202.20
977	-437.07
978	-289.87
979	-197.94
980	-338.14
981	-108.45
982	1.20
983	-123.29
984	-337.70
985	-168.48
986	-207.83
987	-66.42
988	-175.85
989	-124.49
990	-213.88
991	-362.74
992	-179.13
993	-310.63
994	-122.41
995	-184.09
996	-245.27
997	-230.70
998	-224.62
999	-186.42
1000	-279.74
1001	-193.54
1002	-132.31
1003	-198.98
1004	-110.56
1005	-185.16
1006	-117.90
1007	-147.18
1008	-245.96
1009	-122.07
1010	-141.63
1011	-320.49
1012	-215.29
1013	-316.17
1014	-248.95
1015	-102.23
1016	-163.58
1017	-202.59
1018	-127.62
1019	-361.47
1020	-80.18
1021	-70.35
1022	-171.27
1023	-118.18
1024	-191.76
1025	-70.94
1026	-327.47
1027	-155.85
1028	-70.20
1029	-421.02
1030	-115.18
1031	-273.57
1032	-211.47
1033	-26.36
1034	-109.12
1035	-405.44
1036	-250.10
1037	-190.42
1038	-213.30
1039	-204.18
1040	-57.37
1041	-356.07
1042	-55.69
1043	-41.30
1044	-157.83
1045	-225.64
1046	-309.65
1047	-310.87
1048	-206.20
1049	-295.07
1050	-264.53
1051	-269.14
1052	-264.76
1053	-100.23
1054	-131.46
1055	-211.83
1056	-279.56
1057	-202.59
1058	-146.76
1059	-238.02
1060	-355.35
1061	-179.78
1062	-207.46
1063	-222.60
1064	-280.31
1065	-161.16
1066	-235.17
1067	-64.71
1068	-146.58
1069	-165.12
1070	-202.99
1071	-307.33
1072	-169.07
1073	-203.31
1074	-57.87
1075	-210.53
1076	-185.00
1077	-212.39
1078	-117.55
1079	-176.85
1080	-219.57
1081	-306.94
1082	-29.22
1083	-226.21
1084	-358.71
1085	-110.45
1086	-277.77
1087	-145.18
1088	-165.45
1089	-328.77
1090	-237.56
1091	-246.42
1092	-168.58
1093	-114.99
1094	-7.06
1095	-238.41
1096	-305.38
1097	-262.25
1098	-139.68
1099	-135.45
1100	-154.27
1101	-313.67
1102	-77.60
1103	-319.60
1104	-99.72
1105	-265.62
1106	-137.16
1107	-95.65
1108	-259.14
1109	-129.45
1110	-270.82
1111	-170.58
1112	-185.08
1113	-441.67
1114	-227.30
1115	-141.16
1116	-269.64
1117	16.07
1118	-246.68
1119	-291.43
1120	21.07
1121	-245.27
1122	-379.96
1123	-266.88
1124	-143.38
1125	-382.49
1126	-346.20
1127	-266.81
1128	-75.04
1129	-161.47
1130	-103.65
1131	-321.07
1132	-113.91
1133	-75.11
1134	-254.23
1135	-72.06
1136	-403.04
1137	-316.56
1138	-192.43
1139	-236.11
1140	-334.47
1141	-58.37
1142	-317.56
1143	-275.53
1144	-185.64
1145	-258.12
1146	-130.49
1147	-97.74
1148	-381.11
1149	-45.59
1150	-232.19
1151	-221.37
1152	-300.77
1153	-252.24
1154	6.84
1155	-224.89
1156	-159.21
1157	-259.89
1158	14.38
1159	-85.07
1160	-167.14
1161	-177.54
1162	-184.99
1163	-64.34
1164	-280.03
1165	-301.47
1166	-245.50
1167	-340.42
1168	-243.19
1169	-297.27
1170	-8.79
1171	-363.83
1172	-287.53
1173	-198.22
1174	-154.46
1175	-334.44
1176	-127.97
1177	-317.50
1178	-107.08
1179	-276.01
1180	-197.22
1181	-228.97
1182	-202.58
1183	-193.25
1184	-199.60
1185	-234.60
1186	-157.30
1187	-158.36
1188	-217.99
1189	-158.63
1190	-137.68
1191	75.50
1192	-242.64
1193	-83.21
1194	-308.27
1195	-224.46
1196	-321.59
1197	-101.79
1198	-158.22
1199	-343.86
1200	-311.44
1201	-123.88
1202	-192.17
1203	-223.17
1204	-110.93
1205	-265.11
1206	-168.32
1207	-255.74
1208	-222.25
1209	19.77
1210	-61.60
1211	-172.94
1212	-273.61
1213	-295.78
1214	-228.29
1215	-300.89
1216	-127.47
1217	-318.13
1218	-257.74
1219	-210.54
1220	-192.26
1221	39.67
1222	-100.25
1223	-271.10
1224	-323.06
1225	-254.34
1226	-311.09
1227	-206.48
1228	-133.01
1229	-312.40
1230	-208.61
1231	-198.55
1232	-111.56
1233	-108.72
1234	-275.94
1235	-99.22
1236	-259.92
1237	-307.86
1238	-160.98
1239	-229.87
1240	-33.88
1241	-259.57
1242	-115.21
1243	-318.80
1244	-46.59
1245	-84.56
1246	-142.23
1247	-48.03
1248	-132.43
1249	-216.50
1250	-109.65
1251	-236.61
1252	-54.92
1253	-270.61
1254	-205.32
1255	-254.48
1256	-140.39
1257	-231.15
1258	-207.94
1259	-322.88
1260	-147.69
1261	-13.31
1262	-216.04
1263	-121.28
1264	-67.33
1265	-196.78
1266	-73.00
1267	-214.35
1268	-14.95
1269	-239.24
1270	-75.99
1271	-69.55
1272	-58.46
1273	-119.91
1274	-64.71
1275	-178.50
1276	-201.55
1277	-238.98
1278	-100.96
1279	8.18
1280	-207.35
1281	-143.63
1282	-310.30
1283	-238.52
1284	-204.51
1285	-252.78
1286	-187.44
1287	-242.45
1288	-292.43
1289	-81.47
1290	-244.15
1291	-323.81
1292	-62.27
1293	-104.33
1294	-227.96
1295	-171.05
1296	-281.12
1297	-117.11
1298	-188.14
1299	-245.70
1300	-255.19
1301	-100.35
1302	-229.49
1303	-178.88
1304	-49.85
1305	-126.92
1306	-240.97
1307	-75.59
1308	-131.77
1309	-307.56
1310	-37.44
1311	-118.53
1312	-14.63
1313	-199.55
1314	-204.54
1315	-233.19
1316	-202.88
1317	-150.88
1318	-236.80
1319	-279.53
1320	-328.22
1321	-110.93
1322	-53.35
1323	-229.24
1324	-4.54
1325	-185.77
1326	-24.74
1327	-178.55
1328	-261.89
1329	-48.32
1330	-146.85
1331	-129.77
1332	-245.68
1333	-239.49
1334	-28.77
1335	-216.25
1336	-297.64
1337	-111.23
1338	-161.31
1339	-227.56
1340	-246.91
1341	-123.40
1342	-162.48
1343	-100.27
1344	-270.79
1345	-120.08
1346	24.52
1347	12.46
1348	-21.20
1349	-65.11
1350	3.13
1351	-255.02
1352	-15.45
1353	-242.01
1354	-260.14
1355	-40.15
1356	-24.09
1357	-298.18
1358	-104.46
1359	-224.32
1360	60.41
1361	-309.70
1362	-231.57
1363	-60.54
1364	-115.53
1365	-156.50
1366	-216.89
1367	-82.44
1368	-50.12
1369	-62.99
1370	-201.15
1371	-142.24
1372	-40.25
1373	-64.90
1374	-52.92
1375	-241.81
1376	-145.40
1377	-238.87
1378	-89.79
1379	-160.38
1380	-151.65
1381	-231.31
1382	-262.83
1383	-96.54
1384	-257.79
1385	-99.66
1386	-284.97
1387	-86.95
1388	-258.05
1389	-267.11
1390	-115.55
1391	-239.98
1392	-184.85
1393	-125.73
1394	-194.03
1395	-45.86
1396	-259.38
1397	32.01
1398	-181.01
1399	-149.67
1400	-109.58
1401	11.54
1402	-57.42
1403	-272.24
1404	-80.82
1405	-37.20
1406	-270.30
1407	-215.72
1408	-193.87
1409	-190.71
1410	-51.99
1411	-112.06
1412	-277.84
1413	-223.69
1414	-68.56
1415	-171.34
1416	-227.19
1417	-157.05
1418	-266.97
1419	-254.14
1420	-195.76
1421	-237.29
1422	-98.40
1423	-75.42
1424	-238.39
1425	-185.20
1426	-286.22
1427	-203.42
1428	-252.05
1429	-237.12
1430	-226.29
1431	-55.66
1432	-174.83
1433	-246.69
1434	-208.16
1435	-9.41
1436	53.35
1437	-147.55
1438	-250.69
1439	-107.41
1440	-98.83
1441	-254.37
1442	-205.76
1443	-243.45
1444	-85.63
1445	-247.81
1446	-265.54
1447	-57.56
1448	-229.28
1449	-230.56
1450	-138.31
1451	-226.51
1452	-31.86
1453	-252.33
1454	-156.70
1455	38.03
1456	12.48
1457	-94.75
1458	0.65
1459	-36.25
1460	-67.06
1461	-11.23
1462	-294.39
1463	-191.82
1464	-207.85
1465	-5.01
1466	-145.13
1467	-104.39
1468	-243.30
1469	-71.69
1470	-31.38
1471	-34.36
1472	-237.48
1473	-154.06
1474	-203.35
1475	-64.70
1476	-177.06
1477	-203.56
1478	-280.94
1479	-135.01
1480	-36.79
1481	-258.56
1482	-62.85
1483	-239.34
1484	-52.07
1485	-54.37
1486	-202.99
1487	-21.04
1488	-192.76
1489	-46.73
1490	-245.23
1491	-67.48
1492	-49.63
1493	-79.74
1494	-81.59
1495	-73.58
1496	0.14
1497	-264.69
1498	-217.95
1499	-175.14
1500	-235.33
1501	-42.20
1502	-47.76
1503	-214.17
1504	25.15
1505	188.19
1506	-49.99
1507	-208.27
1508	-262.63
1509	-85.99
1510	-193.68
1511	-178.27
1512	-21.49
1513	-79.80
1514	-99.78
1515	-227.93
1516	-54.65
1517	-41.14
1518	-104.52
1519	-116.23
1520	-204.76
1521	-252.33
1522	-114.88
1523	-112.01
1524	-161.17
1525	-216.26
1526	-165.62
1527	-258.68
1528	-63.17
1529	-212.26
1530	-232.12
1531	-234.53
1532	-36.10
1533	-242.38
1534	-221.70
1535	-110.30
1536	-217.52
1537	-124.53
1538	-234.77
1539	-219.87
1540	-91.14
1541	-330.05
1542	-151.16
1543	-295.99
1544	-102.63
1545	-335.33
1546	-286.42
1547	-151.63
1548	-251.95
1549	-54.65
1550	-68.46
1551	-141.69
1552	-182.06
1553	-59.96
1554	-264.05
1555	-225.06
1556	-75.92
1557	-246.83
1558	-69.41
1559	-248.21
1560	-220.86
1561	-185.83
1562	-224.07
1563	-174.09
1564	-208.44
1565	-95.88
1566	68.23
1567	-194.97
1568	-107.26
1569	-207.28
1570	-225.08
1571	-66.66
1572	-43.72
1573	-240.38
1574	-218.51
1575	-14.02
1576	-24.32
1577	-172.79
1578	-86.45
1579	-175.98
1580	-51.52
1581	-77.20
1582	14.34
1583	-206.99
1584	43.78
1585	72.38
1586	-197.66
1587	-43.01
1588	-50.25
1589	-192.00
1590	-192.27
1591	-224.37
1592	-113.30
1593	-34.27
1594	-212.32
1595	-32.44
1596	-207.39
1597	-237.58
1598	-267.94
1599	-228.45
1600	51.86
1601	-20.06
1602	-139.91
1603	-137.54
1604	-242.86
1605	-56.19
1606	-241.95
1607	-199.19
1608	-162.08
1609	-57.87
1610	-63.96
1611	5.04
1612	-272.06
1613	-57.99
1614	-254.20
1615	-203.72
1616	-9.88
1617	-270.23
1618	-70.78
1619	-281.43
1620	-189.81
1621	-171.38
1622	-35.03
1623	5.32
1624	-221.36
1625	-187.55
1626	-37.19
1627	15.14
1628	-212.58
1629	-49.60
1630	-50.13
1631	22.81
1632	-29.58
1633	-84.78
1634	-257.79
1635	7.19
1636	-98.48
1637	-214.57
1638	-179.77
1639	-37.10
1640	-236.20
1641	-220.27
1642	-228.98
1643	-197.25
1644	-159.94
1645	-7.40
1646	-177.46
1647	-244.14
1648	-228.47
1649	-83.59
1650	-13.59
1651	-259.87
1652	-162.22
1653	-112.97
1654	-208.96
1655	-217.40
1656	-222.44
1657	33.85
1658	-14.40
1659	-230.04
1660	-266.08
1661	-51.80
1662	-197.91
1663	-78.02
1664	-64.73
1665	-143.15
1666	-53.56
1667	-216.54
1668	-258.92
1669	-218.33
1670	-91.16
1671	-27.08
1672	-267.95
1673	-44.08
1674	-183.01
1675	17.13
1676	-101.91
1677	-58.91
1678	-193.86
1679	-66.70
1680	-228.20
1681	-6.28
1682	-18.70
1683	139.60
1684	-37.50
1685	-177.91
1686	200.54
1687	-0.30
1688	-217.33
1689	-55.29
1690	103.69
1691	61.36
1692	-237.41
1693	-175.23
1694	-233.76
1695	-28.38
1696	-195.02
1697	-209.54
1698	-100.22
1699	-224.37
1700	0.44
1701	-222.01
1702	-134.02
1703	-68.53
1704	-189.10
1705	-35.82
1706	15.73
1707	-13.08
1708	117.08
1709	-127.35
1710	-206.70
1711	-210.14
1712	-253.43
1713	91.86
1714	-215.26
1715	-6.34
1716	6.01
1717	-38.21
1718	-191.60
1719	-69.99
1720	-126.97
1721	43.51
1722	-27.26
1723	-197.20
1724	-225.06
1725	-253.99
1726	-76.62
1727	111.42
1728	-76.26
1729	-177.24
1730	-156.60
1731	-12.47
1732	-269.14
1733	-241.07
1734	-212.59
1735	-71.23
1736	-51.28
1737	-91.89
1738	-150.73
1739	8.25
1740	-221.91
1741	-24.01
1742	37.93
1743	-51.03
1744	9.47
1745	-87.01
1746	96.17
1747	-190.54
1748	-42.73
1749	5.24
1750	-241.99
1751	-7.57
1752	-34.71
1753	190.95
1754	-5.98
1755	-264.64
1756	-184.63
1757	-26.10
1758	-254.55
1759	-83.54
1760	-50.59
1761	-165.28
1762	-39.83
1763	-274.64
1764	-77.42
1765	-235.11
1766	-53.40
1767	-211.41
1768	-276.51
1769	-198.33
1770	-236.47
1771	-44.92
1772	-243.94
1773	-207.45
1774	-250.89
1775	-195.34
1776	-144.06
1777	31.64
1778	-201.34
1779	-166.42
1780	16.17
1781	-180.14
1782	-250.69
1783	-5.06
1784	-38.84
1785	-143.41
1786	-0.94
1787	-20.75
1788	-230.67
1789	-150.20
1790	-316.98
1791	-295.78
1792	-61.72
1793	-226.57
1794	-206.85
1795	-201.66
1796	-259.80
1797	-0.02
1798	-217.15
1799	102.33
1800	-202.72
1801	-29.85
1802	-21.19
1803	-143.27
1804	31.91
1805	-70.44
1806	-39.05
1807	-44.68
1808	-82.79
1809	-186.37
1810	-204.68
1811	-80.37
1812	-256.59
1813	-276.69
1814	-49.24
1815	-113.41
1816	-294.63
1817	-177.68
1818	-67.43
1819	4.00
1820	-10.55
1821	-196.65
1822	-242.51
1823	48.57
1824	-199.09
1825	-186.17
1826	-170.53
1827	-234.69
1828	-216.61
1829	-221.13
1830	-202.79
1831	-229.28
1832	-219.39
1833	-87.03
1834	178.97
1835	12.41
1836	-224.32
1837	-190.96
1838	59.58
1839	-210.96
1840	-204.66
1841	-40.64
1842	59.31
1843	-10.90
1844	-247.98
1845	96.78
1846	113.12
1847	-176.12
1848	-29.61
1849	-49.47
1850	-244.68
1851	8.77
1852	-166.41
1853	11.37
1854	-235.13
1855	-45.72
1856	1.31
1857	-54.82
1858	-170.95
1859	-207.26
1860	-58.05
1861	-174.59
1862	-175.77
1863	-234.16
1864	-71.97
1865	54.39
1866	25.24
1867	22.17
1868	-227.24
1869	-189.98
1870	-237.52
1871	-154.70
1872	-81.04
1873	-149.16
1874	-254.18
1875	-173.58
1876	-6.40
1877	19.03
1878	-39.43
1879	-269.64
1880	51.07
1881	78.47
1882	-262.74
1883	-199.60
1884	-41.28
1885	17.94
1886	-257.14
1887	-176.81
1888	-252.89
1889	-224.70
1890	-218.33
1891	-225.46
1892	-159.45
1893	95.21
1894	84.98
1895	-185.21
1896	-171.23
1897	-171.88
1898	-36.56
1899	-193.55
1900	-33.21
1901	-161.16
1902	-70.10
1903	114.93
1904	-171.61
1905	-63.75
1906	-212.75
1907	-53.59
1908	-229.11
1909	-251.31
1910	-95.00
1911	7.33
1912	-159.18
1913	-68.18
1914	-62.70
1915	135.77
1916	70.73
1917	-59.14
1918	-61.51
1919	-200.66
1920	-59.81
1921	-225.91
1922	-249.82
1923	89.75
1924	66.63
1925	-74.15
1926	-20.23
1927	-251.21
1928	-62.75
1929	-82.94
1930	-159.95
1931	-171.74
1932	105.09
1933	-183.75
1934	102.63
1935	-0.14
1936	-188.70
1937	-183.24
1938	-13.96
1939	-210.95
1940	39.19
1941	11.39
1942	-35.77
1943	-180.48
1944	-104.38
1945	-26.14
1946	11.83
1947	-259.07
1948	-56.50
1949	-21.43
1950	-30.46
1951	-22.37
1952	-198.67
1953	-5.71
1954	58.36
1955	-65.30
1956	-225.45
1957	-196.29
1958	91.72
1959	-47.20
1960	27.56
1961	-179.76
1962	-217.22
1963	-52.72
1964	206.13
1965	-209.40
1966	42.23
1967	-10.88
1968	40.91
1969	-28.22
1970	-59.29
1971	-94.15
1972	-48.34
1973	-261.56
1974	-115.41
1975	22.81
1976	-239.56
1977	-32.23
1978	-180.23
1979	196.95
1980	-179.46
1981	-176.23
1982	-76.91
1983	-212.17
1984	-101.79
1985	-16.78
1986	25.96
1987	58.22
1988	-77.14
1989	-13.69
1990	-48.70
1991	116.72
1992	-215.28
1993	67.12
1994	-104.65
1995	-23.32
1996	-195.39
1997	-191.47
1998	-239.41
1999	-57.77
2000	-212.75
2001	-36.93
2002	-46.43
2003	81.19
2004	-213.70
2005	-72.43
2006	-13.67
2007	-193.26
2008	-127.91
2009	-70.18
2010	-6.88
2011	196.32
2012	24.49
2013	-246.31
2014	155.22
2015	99.38
2016	-23.84
2017	-239.83
2018	-192.18
2019	137.78
2020	108.45
2021	176.70
2022	-32.41
2023	-193.49
2024	111.19
2025	-206.64
2026	146.40
2027	149.05
2028	-212.82
2029	124.32
2030	-110.75
2031	-249.26
2032	-73.08
2033	-195.86
2034	193.53
2035	-220.39
2036	-222.96
2037	-265.24
2038	-180.68
2039	-282.60
2040	-224.02
2041	-16.36
2042	-236.71
2043	-235.27
2044	-53.30
2045	-40.06
2046	196.98
2047	176.83
2048	-29.19
2049	-50.94
2050	211.44
2051	-176.03
2052	131.86
2053	-210.48
2054	131.74
2055	82.04
2056	175.16
2057	-214.76
2058	-57.42
2059	-79.57
2060	-183.99
2061	-198.08
2062	-167.00
2063	-205.38
2064	4.26
2065	-152.80
2066	-1.99
2067	25.25
2068	-223.39
2069	172.68
2070	-0.75
2071	-47.21
2072	-52.90
2073	-228.90
2074	-33.64
2075	-12.32
2076	-283.09
2077	189.29
2078	-194.78
2079	-271.59
2080	-305.12
2081	4.54
2082	122.10
2083	69.63
2084	106.39
2085	15.54
2086	-65.70
2087	35.01
2088	-36.21
2089	-170.63
2090	-31.73
2091	102.41
2092	63.91
2093	-235.22
2094	-75.75
2095	32.89
2096	-30.75
2097	-75.74
2098	-179.77
2099	-174.05
2100	91.71
2101	182.73
2102	20.07
2103	-227.95
2104	111.22
2105	-98.21
2106	-221.01
2107	-150.32
2108	-239.85
2109	-247.44
2110	-247.76
2111	110.84
2112	98.75
2113	-239.02
2114	34.76
2115	-68.93
2116	-206.78
2117	-22.76
2118	-3.84
2119	-72.75
2120	-226.94
2121	-29.58
2122	-250.04
2123	-200.29
2124	16.75
2125	152.20
2126	-186.36
2127	-56.08
2128	-32.11
2129	59.80
2130	-239.88
2131	-21.72
2132	127.97
2133	-234.57
2134	86.96
2135	138.45
2136	-15.90
2137	153.70
2138	23.12
2139	-243.54
2140	-62.46
2141	-217.14
2142	-44.22
2143	-71.29
2144	-73.28
2145	-72.11
2146	-265.55
2147	131.48
2148	-197.70
2149	-10.84
2150	-258.43
2151	-276.00
2152	81.97
2153	-24.63
2154	-162.32
2155	114.51
2156	-80.54
2157	-194.25
2158	-196.18
2159	-143.07
2160	-39.59
2161	-63.94
2162	-47.64
2163	-228.91
2164	-39.82
2165	-169.01
2166	65.08
2167	68.83
2168	-114.37
2169	-246.13
2170	180.24
2171	7.69
2172	134.43
2173	-25.39
2174	-22.68
2175	37.50
2176	-77.28
2177	-181.24
2178	-54.97
2179	-76.81
2180	-211.75
2181	-46.94
2182	-277.66
2183	-249.93
2184	-282.76
2185	-35.04
2186	76.45
2187	-181.87
2188	136.87
2189	-30.81
2190	-38.60
2191	-76.86
2192	-50.88
2193	-204.06
2194	32.87
2195	-61.56
2196	-237.78
2197	-28.97
2198	88.29
2199	48.45
2200	-47.69
2201	-37.44
2202	-191.08
2203	-196.53
2204	18.74
2205	-35.25
2206	-57.26
2207	-26.57
2208	-171.54
2209	-23.56
2210	40.92
2211	65.59
2212	106.87
2213	-194.57
2214	-260.94
2215	-216.60
2216	238.90
2217	72.92
2218	-187.59
2219	-287.29
2220	-223.28
2221	-247.41
2222	-176.29
2223	-179.96
2224	-90.66
2225	-224.54
2226	-189.82
2227	-193.48
2228	-168.09
2229	-241.78
2230	132.55
2231	122.92
2232	-47.40
2233	-210.49
2234	-22.24
2235	-217.66
2236	-52.75
2237	-11.86
2238	-85.42
2239	-9.29
2240	-67.24
2241	115.16
2242	-85.95
2243	70.44
2244	140.61
2245	-165.45
2246	-54.51
2247	105.42
2248	61.31
2249	179.41
2250	-39.64
2251	-37.50
2252	-55.51
2253	55.99
2254	-172.59
2255	67.71
2256	48.92
2257	-190.92
2258	-112.47
2259	158.06
2260	104.62
2261	-6.02
2262	-37.82
2263	-8.92
2264	38.62
2265	-33.55
2266	-129.53
2267	104.14
2268	-101.22
2269	115.18
2270	195.06
2271	81.37
2272	-234.00
2273	29.77
2274	-204.79
2275	-2.99
2276	24.59
2277	-204.40
2278	-1.74
2279	-35.21
2280	-0.67
2281	47.76
2282	-165.80
2283	-3.28
2284	-27.54
2285	-260.67
2286	-227.16
2287	-179.58
2288	-27.54
2289	-207.15
2290	-190.75
2291	-103.88
2292	-190.69
2293	61.81
2294	-192.69
2295	-75.38
2296	-101.85
2297	126.33
2298	-27.56
2299	-31.56
2300	-296.58
2301	-18.90
2302	55.31
2303	-200.35
2304	41.79
2305	-80.70
2306	4.31
2307	-146.81
2308	-167.64
2309	-54.98
2310	74.79
2311	130.09
2312	-228.43
2313	-53.05
2314	132.61
2315	-224.12
2316	-171.30
2317	-38.42
2318	-206.93
2319	-243.76
2320	230.03
2321	88.90
2322	-193.29
2323	-212.92
2324	133.59
2325	-199.83
2326	-260.43
2327	-81.12
2328	-186.21
2329	252.14
2330	139.31
2331	-266.08
2332	-158.71
2333	-216.34
2334	-162.83
2335	230.02
2336	208.21
2337	-97.11
2338	186.90
2339	-49.96
2340	106.98
2341	-42.91
2342	-27.96
2343	-239.42
2344	-69.01
2345	-59.16
2346	-66.50
2347	149.08
2348	21.94
2349	-51.05
2350	-66.66
2351	-67.39
2352	179.82
2353	-187.74
2354	80.25
2355	73.75
2356	171.54
2357	-10.05
2358	-195.63
2359	90.08
2360	-152.08
2361	-59.52
2362	-43.57
2363	-45.59
2364	87.21
2365	-96.57
2366	151.43
2367	144.93
2368	-37.17
2369	136.68
2370	106.63
2371	107.86
2372	-254.54
2373	-204.64
2374	103.32
2375	-6.80
2376	-45.11
2377	94.39
2378	33.77
2379	-220.53
2380	124.12
2381	-7.89
2382	-36.89
2383	63.02
2384	-178.55
2385	170.60
2386	-74.97
2387	-38.36
2388	101.99
2389	116.59
2390	80.98
2391	120.70
2392	68.15
2393	102.29
2394	-16.37
2395	-209.81
2396	-233.28
2397	-153.70
2398	-207.95
2399	-217.98
2400	106.48
2401	147.90
2402	-146.96
2403	144.12
2404	118.61
2405	50.13
2406	28.21
2407	-54.11
2408	75.86
2409	-60.71
2410	152.15
2411	-66.37
2412	209.90
2413	97.81
2414	110.76
2415	-240.54
2416	9.83
2417	-222.00
2418	-31.10
2419	121.26
2420	70.75
2421	87.20
2422	178.17
2423	25.10
2424	-176.09
2425	-72.90
2426	-252.23
2427	-229.61
2428	112.42
2429	234.26
2430	-192.79
2431	-222.57
2432	-268.48
2433	-65.30
2434	22.53
2435	84.86
2436	-29.55
2437	-294.77
2438	-84.18
2439	210.93
2440	125.56
2441	-188.18
2442	-230.06
2443	-34.37
2444	-146.21
2445	-234.44
2446	-76.36
2447	78.90
2448	-210.65
2449	-32.59
2450	1.98
2451	-220.61
2452	195.32
2453	-140.29
2454	-118.43
2455	-61.54
2456	127.66
2457	90.97
2458	-115.45
2459	-226.20
2460	-238.83
2461	-191.46
2462	-179.90
2463	83.93
2464	-219.66
2465	-16.80
2466	-4.33
2467	139.51
2468	-178.36
2469	104.28
2470	168.76
2471	-73.92
2472	71.18
2473	87.37
2474	-169.95
2475	-277.86
2476	98.28
2477	-198.78
2478	-219.52
2479	72.04
2480	76.20
2481	-5.17
2482	-171.95
2483	-7.40
2484	5.51
2485	-189.79
2486	-56.50
2487	-18.08
2488	-176.07
2489	117.54
2490	-61.00
2491	-253.72
2492	72.24
2493	-200.55
2494	-29.05
2495	-3.85
2496	-52.07
2497	-243.79
2498	90.44
2499	-160.40
2500	143.93
2501	2.82
2502	-221.32
2503	-64.09
2504	-1.14
2505	-263.50
2506	-23.89
2507	-256.77
2508	-48.59
2509	22.19
2510	-98.76
2511	65.64
2512	23.42
2513	-54.85
2514	-229.72
2515	-54.39
2516	-199.94
2517	-38.06
2518	50.25
2519	112.21
2520	-57.19
2521	212.94
2522	222.81
2523	183.04
2524	155.21
2525	254.87
2526	96.12
2527	-175.28
2528	-64.53
2529	-254.66
2530	-245.50
2531	-190.92
2532	114.85
2533	-35.14
2534	-18.53
2535	-23.13
2536	96.69
2537	32.60
2538	79.32
2539	-91.74
2540	-154.82
2541	-236.72
2542	-50.09
2543	23.08
2544	60.52
2545	-42.20
2546	-26.23
2547	-144.27
2548	-79.93
2549	61.49
2550	43.44
2551	-97.99
2552	-11.27
2553	42.42
2554	-234.30
2555	-124.37
2556	102.09
2557	62.88
2558	130.33
2559	88.59
2560	71.83
2561	-235.80
2562	106.74
2563	-224.80
2564	67.02
2565	-200.96
2566	53.73
2567	-279.41
2568	81.75
2569	96.29
2570	-210.38
2571	-56.26
2572	-41.86
2573	-248.99
2574	-27.58
2575	-252.79
2576	118.19
2577	-228.02
2578	-208.40
2579	-5.68
2580	94.12
2581	-163.85
2582	-216.74
2583	-21.27
2584	11.09
2585	50.91
2586	-133.63
2587	56.41
2588	-30.28
2589	-8.22
2590	-23.64
2591	-2.96
2592	-56.36
2593	132.05
2594	-65.84
2595	-179.19
2596	-32.80
2597	98.18
2598	-83.76
2599	72.81
2600	92.50
2601	-68.60
2602	148.43
2603	215.88
2604	-1.47
2605	-225.95
2606	-79.88
2607	133.14
2608	-60.15
2609	71.08
2610	-161.11
2611	199.61
2612	-166.40
2613	-51.70
2614	-22.56
2615	187.65
2616	74.99
2617	-23.96
2618	-221.45
2619	-50.00
2620	-7.61
2621	-30.98
2622	-95.70
2623	-187.17
2624	-196.99
2625	-263.98
2626	95.51
2627	-82.07
2628	62.13
2629	67.11
2630	-210.02
2631	-183.16
2632	160.99
2633	-63.39
2634	77.91
2635	-25.78
2636	100.96
2637	-194.36
2638	-226.27
2639	150.59
2640	91.43
2641	-258.20
2642	-168.49
2643	182.57
2644	84.99
2645	129.80
2646	-20.56
2647	41.78
2648	182.95
2649	-70.37
2650	-23.02
2651	69.08
2652	133.60
2653	-84.02
2654	68.09
2655	96.99
2656	-58.27
2657	-175.34
2658	99.88
2659	89.68
2660	34.72
2661	-44.12
2662	-188.49
2663	118.55
2664	223.54
2665	63.87
2666	-164.98
2667	-177.51
2668	203.03
2669	76.90
2670	75.71
2671	45.25
2672	2.25
2673	-25.93
2674	3.78
2675	-11.32
2676	63.92
2677	-209.22
2678	-78.50
2679	-246.70
2680	212.73
2681	10.31
2682	14.92
2683	-61.80
2684	-219.53
2685	102.48
2686	30.01
2687	155.69
2688	63.37
2689	45.42
2690	147.00
2691	-2.03
2692	110.02
2693	135.11
2694	-62.85
2695	-61.26
2696	-48.38
2697	-5.93
2698	-74.29
2699	-20.20
2700	155.16
2701	-71.72
2702	137.85
2703	-146.99
2704	-21.23
2705	-170.15
2706	-102.30
2707	-234.60
2708	-237.65
2709	-63.20
2710	-37.70
2711	142.74
2712	-43.53
2713	-27.21
2714	89.14
2715	-170.17
2716	122.64
2717	123.83
2718	-24.27
2719	-42.92
2720	90.53
2721	92.87
2722	-18.71
2723	-62.06
2724	47.48
2725	-211.01
2726	-71.17
2727	84.18
2728	90.23
2729	-216.18
2730	-199.94
2731	-247.04
2732	-61.80
2733	-41.46
2734	127.80
2735	15.24
2736	28.62
2737	2.87
2738	86.71
2739	-262.02
2740	64.70
2741	-4.59
2742	-101.72
2743	-226.33
2744	-30.78
2745	-29.44
2746	-70.48
2747	21.31
2748	-61.50
2749	22.52
2750	127.10
2751	-198.15
2752	-49.71
2753	223.20
2754	116.44
2755	49.71
2756	-29.77
2757	53.89
2758	-46.72
2759	1.65
2760	38.24
2761	166.50
2762	-42.35
2763	164.23
2764	-190.45
2765	-96.10
2766	66.36
2767	98.06
2768	-19.52
2769	-224.92
2770	-158.63
2771	-55.94
2772	53.51
2773	-220.95
2774	-26.80
2775	189.43
2776	-53.36
2777	-84.27
2778	59.52
2779	-285.47
2780	24.99
2781	225.52
2782	98.29
2783	-45.40
2784	-42.08
2785	109.16
2786	-33.87
2787	112.24
2788	82.72
2789	6.09
2790	-118.76
2791	122.15
2792	-199.55
2793	-48.12
2794	-188.76
2795	115.62
2796	72.04
2797	-44.22
2798	-164.43
2799	9.50
2800	-173.23
2801	-76.74
2802	-33.90
2803	93.58
2804	-192.85
2805	212.13
2806	-42.73
2807	86.66
2808	80.23
2809	159.14
2810	-50.83
2811	121.11
2812	-54.76
2813	-191.88
2814	-38.03
2815	20.94
2816	-63.17
2817	-166.07
2818	-32.77
2819	101.64
2820	-223.34
2821	114.88
2822	-192.33
2823	-63.10
2824	159.44
2825	-167.56
2826	-20.05
2827	-223.44
2828	-230.05
2829	-178.06
2830	159.48
2831	117.97
2832	116.80
2833	0.99
2834	-199.11
2835	168.01
2836	-204.85
2837	56.24
2838	-76.86
2839	48.86
2840	120.82
2841	208.38
2842	-41.99
2843	-37.27
2844	-224.38
2845	-167.50
2846	105.18
2847	87.20
2848	-235.38
2849	77.14
2850	44.90
2851	-70.38
2852	-182.34
2853	54.41
2854	-38.70
2855	-225.45
2856	-77.56
2857	-208.14
2858	83.33
2859	178.26
2860	-75.68
2861	66.57
2862	139.67
2863	-191.35
2864	125.29
2865	-58.63
2866	-29.31
2867	165.19
2868	-222.94
2869	-163.07
2870	-34.01
2871	51.31
2872	-197.15
2873	105.17
2874	54.24
2875	73.07
2876	-2.43
2877	94.56
2878	8.92
2879	175.92
2880	49.30
2881	-182.25
2882	-244.91
2883	-107.16
2884	-212.76
2885	54.15
2886	216.39
2887	44.14
2888	108.95
2889	-222.56
2890	-47.30
2891	-15.87
2892	140.85
2893	64.92
2894	-227.08
2895	-70.20
2896	60.15
2897	-76.66
2898	-69.81
2899	-230.61
2900	-159.06
2901	-34.79
2902	103.98
2903	178.39
2904	-42.44
2905	155.49
2906	-14.49
2907	182.31
2908	125.86
2909	-203.78
2910	-92.74
2911	-184.28
2912	101.90
2913	178.44
2914	-70.04
2915	39.83
2916	-86.22
2917	113.45
2918	85.04
2919	-239.23
2920	22.84
2921	-170.91
2922	-8.28
2923	-82.33
2924	-297.19
2925	-45.07
2926	-94.76
2927	68.30
2928	-3.55
2929	-19.80
2930	-61.98
2931	101.13
2932	-276.96
2933	-224.83
2934	-197.81
2935	-57.80
2936	77.18
2937	-66.94
2938	-221.01
2939	71.29
2940	103.95
2941	-19.73
2942	7.48
2943	82.40
2944	121.17
2945	-98.48
2946	-252.15
2947	-25.39
2948	81.71
2949	-70.37
2950	4.79
2951	164.91
2952	54.28
2953	-206.51
2954	1.94
2955	-211.60
2956	-40.61
2957	-243.38
2958	-5.10
2959	-44.15
2960	-7.20
2961	64.91
2962	6.79
2963	-40.90
2964	34.94
2965	66.83
2966	-152.74
2967	-199.95
2968	-106.24
2969	181.94
2970	64.71
2971	-108.26
2972	104.24
2973	49.67
2974	116.91
2975	-175.83
2976	-228.67
2977	-8.17
2978	-165.90
2979	-229.75
2980	-205.49
2981	-191.61
2982	-244.30
2983	-35.14
2984	95.53
2985	-191.90
2986	-213.75
2987	132.03
2988	60.49
2989	-181.92
2990	36.96
2991	163.45
2992	-3.83
2993	50.57
2994	-128.29
2995	-50.57
2996	80.28
2997	110.20
2998	-30.36
2999	56.72
3000	91.29
3001	-173.47
3002	57.02
3003	98.58
3004	-83.84
3005	200.84
3006	127.58
3007	207.82
3008	182.46
3009	-124.28
3010	-31.20
3011	-54.98
3012	-185.27
3013	-285.12
3014	165.74
3015	-23.10
3016	-60.72
3017	270.71
3018	4.85
3019	33.49
3020	-36.38
3021	-167.75
3022	94.10
3023	-75.47
3024	126.66
3025	-51.04
3026	-213.60
3027	130.03
3028	66.89
3029	-179.24
3030	-227.71
3031	95.79
3032	-4.86
3033	-73.69
3034	-33.30
3035	-38.50
3036	6.77
3037	150.68
3038	-192.88
3039	-50.61
3040	-101.53
3041	-235.48
3042	-249.58
3043	75.79
3044	-19.42
3045	-22.45
3046	-36.81
3047	125.11
3048	-215.41
3049	131.91
3050	-35.23
3051	-251.22
3052	-234.79
3053	70.17
3054	46.92
3055	149.09
3056	117.28
3057	94.31
3058	-6.24
3059	-69.36
3060	204.48
3061	142.27
3062	-102.32
3063	49.58
3064	157.77
3065	62.03
3066	-3.93
3067	-59.85
3068	-164.89
3069	-96.17
3070	109.84
3071	140.02
3072	127.15
3073	184.46
3074	-188.85
3075	-73.99
3076	-68.02
3077	46.78
3078	-49.73
3079	-243.60
3080	-9.47
3081	-41.74
3082	-171.31
3083	75.71
3084	113.36
3085	-22.50
3086	82.17
3087	-272.72
3088	209.21
3089	122.97
3090	207.64
3091	131.58
3092	200.00
3093	-196.76
3094	87.56
3095	-54.58
3096	77.40
3097	113.85
3098	-180.01
3099	185.60
3100	124.69
3101	-54.87
3102	119.03
3103	101.23
3104	-48.56
3105	188.08
3106	-254.36
3107	149.42
3108	98.52
3109	-249.03
3110	135.27
3111	-177.08
3112	-192.14
3113	-219.24
3114	63.74
3115	100.51
3116	145.33
3117	64.58
3118	-78.55
3119	133.49
3120	-25.51
3121	195.29
3122	28.37
3123	90.33
3124	-82.83
3125	-148.58
3126	-192.43
3127	77.36
3128	49.23
3129	4.72
3130	135.43
3131	-226.01
3132	233.30
3133	11.26
3134	87.01
3135	78.81
3136	56.33
3137	98.64
3138	-49.25
3139	11.49
3140	-36.28
3141	-239.57
3142	48.44
3143	147.72
3144	2.53
3145	88.60
3146	-180.57
3147	-21.00
3148	137.98
3149	-13.24
3150	134.79
3151	-177.33
3152	-57.16
3153	254.51
3154	115.40
3155	-145.20
3156	-39.24
3157	143.36
3158	5.11
3159	-72.38
3160	83.17
3161	-191.30
3162	-65.50
3163	84.69
3164	-221.94
3165	45.31
3166	152.75
3167	-259.75
3168	-23.02
3169	151.85
3170	-177.59
3171	-202.47
3172	233.97
3173	80.16
3174	-23.99
3175	108.42
3176	-65.36
3177	101.82
3178	-167.48
3179	100.93
3180	-53.42
3181	-143.17
3182	-158.10
3183	-183.33
3184	18.80
3185	-208.84
3186	90.41
3187	143.87
3188	77.53
3189	108.11
3190	-67.31
3191	-194.24
3192	-43.92
3193	97.23
3194	45.57
3195	130.65
3196	-7.43
3197	95.56
3198	-26.62
3199	119.07
3200	110.63
3201	-24.59
3202	-76.66
3203	-108.59
3204	-35.56
3205	78.95
3206	84.55
3207	111.32
3208	-237.02
3209	-191.02
3210	107.15
3211	70.43
3212	-282.58
3213	72.57
3214	-51.46
3215	146.32
3216	-172.81
3217	-35.47
3218	-212.18
3219	175.78
3220	-47.59
3221	72.66
3222	-40.16
3223	-231.69
3224	-76.93
3225	100.70
3226	-40.82
3227	107.38
3228	45.55
3229	-20.71
3230	-164.24
3231	119.16
3232	-63.23
3233	-221.25
3234	-221.49
3235	-43.14
3236	-190.36
3237	-12.79
3238	-33.57
3239	-86.97
3240	-25.23
3241	-31.00
3242	-37.15
3243	-88.96
3244	156.67
3245	166.68
3246	95.66
3247	129.42
3248	66.35
3249	132.74
3250	-260.55
3251	-149.35
3252	0.78
3253	-43.05
3254	69.97
3255	83.25
3256	-75.56
3257	183.07
3258	93.44
3259	-197.10
3260	102.22
3261	-252.86
3262	-59.00
3263	10.79
3264	89.39
3265	-153.64
3266	110.53
3267	84.45
3268	77.59
3269	-6.71
3270	64.98
3271	-28.81
3272	91.69
3273	-185.58
3274	-189.30
3275	56.17
3276	50.98
3277	116.51
3278	44.37
3279	-48.70
3280	-174.29
3281	132.10
3282	100.56
3283	-57.94
3284	94.68
3285	256.19
3286	-82.53
3287	-45.10
3288	191.50
3289	-33.74
3290	-4.73
3291	-59.03
3292	67.10
3293	34.75
3294	-243.99
3295	-77.42
3296	134.78
3297	-67.47
3298	110.98
3299	100.56
3300	145.03
3301	6.29
3302	140.33
3303	-41.99
3304	-49.56
3305	-229.58
3306	-242.84
3307	168.73
3308	106.81
3309	0.85
3310	-27.02
3311	-29.18
3312	-27.46
3313	107.08
3314	-3.18
3315	83.83
3316	-46.84
3317	-213.17
3318	-232.21
3319	198.04
3320	-54.10
3321	-2.45
3322	84.22
3323	-59.73
3324	-35.96
3325	17.88
3326	176.28
3327	157.89
3328	-83.64
3329	68.66
3330	59.61
3331	126.01
3332	-194.20
3333	85.01
3334	65.77
3335	-31.38
3336	103.09
3337	-150.17
3338	-35.32
3339	-258.00
3340	-13.90
3341	-44.73
3342	141.84
3343	-62.41
3344	-3.00
3345	99.79
3346	-188.70
3347	79.62
3348	183.65
3349	181.73
3350	-194.53
3351	-57.77
3352	-161.11
3353	11.34
3354	-193.85
3355	-47.81
3356	-163.37
3357	90.08
3358	-167.34
3359	34.76
3360	-206.64
3361	159.90
3362	-17.19
3363	-13.72
3364	-268.19
3365	97.33
3366	176.18
3367	6.46
3368	-68.95
3369	103.53
3370	-6.68
3371	117.48
3372	134.35
3373	-201.71
3374	-182.19
3375	-66.32
3376	65.56
3377	125.96
3378	101.15
3379	54.65
3380	-91.42
3381	1.38
3382	-5.83
3383	-208.58
3384	-41.99
3385	144.41
3386	-62.64
3387	31.08
3388	-74.38
3389	-178.17
3390	113.51
3391	-7.14
3392	-171.28
3393	66.51
3394	-94.69
3395	-8.01
3396	29.60
3397	-195.33
3398	50.29
3399	203.12
3400	219.79
3401	160.92
3402	-184.67
3403	75.84
3404	91.61
3405	-62.98
3406	-203.99
3407	168.72
3408	-166.62
3409	9.81
3410	-188.01
3411	109.58
3412	-198.84
3413	-33.22
3414	139.34
3415	-11.51
3416	-35.88
3417	-216.84
3418	-199.55
3419	19.50
3420	180.38
3421	50.92
3422	118.83
3423	184.24
3424	-99.32
3425	78.78
3426	-129.90
3427	35.24
3428	90.35
3429	-18.90
3430	105.42
3431	-198.08
3432	-211.03
3433	133.56
3434	105.22
3435	-38.95
3436	-69.31
3437	-28.15
3438	82.42
3439	-114.10
3440	-47.12
3441	-176.72
3442	-208.75
3443	103.77
3444	-32.57
3445	200.80
3446	-37.55
3447	159.52
3448	8.84
3449	-59.84
3450	-40.81
3451	113.50
3452	-217.69
3453	118.59
3454	-40.10
3455	95.75
3456	-12.95
3457	10.68
3458	-237.55
3459	50.88
3460	-23.05
3461	-91.47
3462	-173.64
3463	143.14
3464	-16.99
3465	-61.56
3466	-257.04
3467	-31.44
3468	80.24
3469	-63.68
3470	144.98
3471	-205.98
3472	-72.89
3473	239.16
3474	115.03
3475	19.16
3476	-48.36
3477	39.58
3478	-306.17
3479	56.01
3480	203.84
3481	116.46
3482	267.51
3483	119.77
3484	172.44
3485	-239.56
3486	-62.85
3487	18.00
3488	126.32
3489	113.43
3490	104.46
3491	36.12
3492	20.73
3493	-69.47
3494	-228.65
3495	-210.68
3496	83.47
3497	53.89
3498	-218.48
3499	64.22
3500	98.56
3501	105.62
3502	-29.33
3503	12.70
3504	88.95
3505	140.83
3506	11.83
3507	-221.21
3508	123.41
3509	92.26
3510	147.10
3511	-21.12
3512	111.03
3513	122.70
3514	-250.99
3515	-28.49
3516	-43.81
3517	87.40
3518	124.88
3519	-7.92
3520	12.61
3521	-184.22
3522	-225.25
3523	92.84
3524	69.61
3525	155.27
3526	-31.60
3527	148.96
3528	98.70
3529	48.61
3530	84.86
3531	-228.24
3532	-197.18
3533	-201.44
3534	-46.97
3535	-166.65
3536	-13.15
3537	31.26
3538	-201.94
3539	144.64
3540	-5.40
3541	236.39
3542	-212.74
3543	74.79
3544	73.46
3545	-9.93
3546	139.22
3547	-96.38
3548	-14.45
3549	-20.34
3550	-165.16
3551	222.00
3552	103.30
3553	128.91
3554	78.20
3555	119.20
3556	1.46
3557	-273.36
3558	-47.12
3559	57.34
3560	24.70
3561	207.87
3562	94.03
3563	63.93
3564	187.73
3565	-192.07
3566	3.31
3567	-29.54
3568	94.92
3569	-241.02
3570	84.52
3571	213.35
3572	-9.53
3573	189.77
3574	243.55
3575	-216.07
3576	-23.39
3577	100.64
3578	149.65
3579	125.44
3580	-217.18
3581	100.18
3582	-52.87
3583	-24.19
3584	-57.88
3585	99.44
3586	-256.87
3587	-203.60
3588	-176.18
3589	101.13
3590	-30.29
3591	78.23
3592	40.61
3593	-40.88
3594	-52.57
3595	-210.96
3596	-223.45
3597	70.51
3598	-183.81
3599	-19.38
3600	72.80
3601	-59.25
3602	-19.23
3603	55.21
3604	104.68
3605	85.70
3606	-169.35
3607	96.26
3608	151.62
3609	-86.74
3610	-95.80
3611	-192.71
3612	183.71
3613	55.22
3614	61.30
3615	-21.66
3616	-112.59
3617	20.43
3618	-23.10
3619	-184.48
3620	114.90
3621	-58.19
3622	-55.66
3623	169.72
3624	-225.20
3625	-6.08
3626	111.50
3627	239.95
3628	122.89
3629	104.23
3630	-162.41
3631	103.95
3632	168.73
3633	190.10
3634	-30.40
3635	-14.24
3636	-14.25
3637	85.18
3638	11.10
3639	191.05
3640	110.23
3641	-22.55
3642	-10.31
3643	68.68
3644	162.55
3645	-99.72
3646	-74.73
3647	-220.52
3648	-167.39
3649	39.97
3650	52.28
3651	162.49
3652	-213.45
3653	-62.60
3654	-86.33
3655	-21.92
3656	-138.11
3657	-202.83
3658	-90.71
3659	200.35
3660	222.47
3661	130.83
3662	225.96
3663	106.42
3664	-5.82
3665	-24.78
3666	-5.14
3667	-46.31
3668	254.09
3669	86.16
3670	-33.63
3671	77.93
3672	-46.03
3673	67.06
3674	113.31
3675	106.52
3676	-232.40
3677	-70.09
3678	212.91
3679	-191.06
3680	-191.19
3681	-168.06
3682	-40.72
3683	113.89
3684	-95.84
3685	118.21
3686	108.74
3687	10.77
3688	79.77
3689	160.72
3690	25.32
3691	-44.50
3692	142.58
3693	-44.26
3694	-17.02
3695	73.67
3696	-69.47
3697	96.41
3698	-178.14
3699	-204.58
3700	35.44
3701	181.53
3702	29.91
3703	-26.05
3704	104.53
3705	-50.46
3706	99.24
3707	23.73
3708	-33.02
3709	135.23
3710	160.16
3711	-236.62
3712	-0.11
3713	-264.63
3714	-177.93
3715	-1.23
3716	-71.12
3717	107.93
3718	-156.88
3719	-267.68
3720	-56.62
3721	-115.47
3722	255.54
3723	-187.47
3724	60.03
3725	-234.76
3726	129.02
3727	73.84
3728	112.87
3729	-7.98
3730	80.56
3731	149.84
3732	149.53
3733	243.07
3734	108.20
3735	-88.81
3736	85.81
3737	-28.17
3738	-4.69
3739	-176.27
3740	186.60
3741	217.73
3742	209.62
3743	-19.02
3744	201.08
3745	-13.15
3746	-31.47
3747	9.05
3748	-198.45
3749	161.18
3750	-220.28
3751	-202.33
3752	-52.57
3753	114.92
3754	-198.65
3755	-182.68
3756	104.17
3757	7.04
3758	79.12
3759	40.95
3760	78.69
3761	196.08
3762	8.94
3763	170.38
3764	-12.00
3765	-188.88
3766	242.34
3767	14.25
3768	-6.82
3769	51.71
3770	-41.38
3771	-89.40
3772	-32.44
3773	-179.54
3774	153.22
3775	-209.31
3776	-83.04
3777	126.64
3778	-44.78
3779	-35.44
3780	-175.76
3781	138.09
3782	-59.58
3783	102.01
3784	-183.62
3785	-69.68
3786	76.15
3787	40.06
3788	40.88
3789	41.94
3790	-61.72
3791	-35.91
3792	13.68
3793	127.86
3794	108.04
3795	98.79
3796	29.24
3797	-11.76
3798	-88.00
3799	-187.81
3800	-185.25
3801	63.88
3802	87.26
3803	192.54
3804	-285.32
3805	136.09
3806	86.04
3807	139.99
3808	145.78
3809	-115.63
3810	181.42
3811	-222.28
3812	-136.03
3813	101.62
3814	44.10
3815	-44.25
3816	-77.40
3817	-15.89
3818	52.36
3819	-181.01
3820	48.68
3821	207.46
3822	76.56
3823	39.95
3824	-67.28
3825	-221.29
3826	-141.87
3827	-76.02
3828	103.55
3829	92.78
3830	-141.10
3831	134.08
3832	-145.13
3833	-177.91
3834	86.16
3835	172.67
3836	183.11
3837	-31.98
3838	-190.09
3839	65.94
3840	112.53
3841	187.58
3842	-22.49
3843	-27.39
3844	-18.86
3845	268.75
3846	5.36
3847	-167.62
3848	93.41
3849	-232.41
3850	-85.90
3851	-246.60
3852	-209.40
3853	25.82
3854	61.07
3855	100.34
3856	71.10
3857	-191.93
3858	154.37
3859	-21.26
3860	-187.13
3861	-171.62
3862	50.08
3863	187.60
3864	-19.88
3865	-159.48
3866	-40.92
3867	-12.58
3868	-240.58
3869	93.42
3870	118.84
3871	-230.23
3872	41.48
3873	-23.27
3874	102.48
3875	-103.46
3876	-26.48
3877	-58.91
3878	102.76
3879	-19.74
3880	105.59
3881	87.56
3882	-253.69
3883	102.02
3884	0.88
3885	235.11
3886	63.10
3887	-50.39
3888	222.62
3889	38.37
3890	-46.95
3891	-245.69
3892	36.83
3893	-46.95
3894	199.43
3895	-17.26
3896	-42.39
3897	-31.73
3898	-246.61
3899	-97.45
3900	-172.99
3901	-219.60
3902	116.07
3903	8.28
3904	-201.78
3905	-60.41
3906	-200.93
3907	-49.36
3908	-39.49
3909	-180.52
3910	96.66
3911	-27.78
3912	23.84
3913	-264.22
3914	82.72
3915	104.68
3916	-23.90
3917	-180.28
3918	132.03
3919	-72.00
3920	112.46
3921	-245.99
3922	80.88
3923	89.97
3924	-242.48
3925	-51.47
3926	-209.11
3927	90.12
3928	73.03
3929	123.00
3930	182.07
3931	-192.23
3932	13.16
3933	79.26
3934	96.29
3935	-203.83
3936	-37.74
3937	-21.09
3938	87.75
3939	98.65
3940	-191.64
3941	-39.79
3942	220.00
3943	-248.82
3944	-23.41
3945	-145.94
3946	97.41
3947	-11.66
3948	-187.47
3949	97.52
3950	-54.98
3951	79.73
3952	-183.78
3953	120.85
3954	110.77
3955	-30.55
3956	128.58
3957	15.71
3958	-22.78
3959	208.71
3960	-173.26
3961	202.65
3962	44.04
3963	63.77
3964	106.18
3965	-24.72
3966	100.05
3967	128.25
3968	61.06
3969	101.18
3970	59.32
3971	-156.55
3972	97.00
3973	83.05
3974	104.92
3975	84.36
3976	79.11
3977	-160.41
3978	-7.38
3979	-8.24
3980	-29.79
3981	21.13
3982	-197.29
3983	69.52
3984	105.27
3985	-152.11
3986	-122.34
3987	81.49
3988	109.20
3989	99.49
3990	75.17
3991	-65.51
3992	-189.73
3993	-14.84
3994	56.10
3995	127.71
3996	-187.31
3997	101.66
3998	105.50
3999	196.43
4000	20.06
4001	5.74
4002	-14.19
4003	2.53
4004	177.58
4005	12.29
4006	-46.48
4007	-195.08
4008	-15.75
4009	-39.02
4010	-100.11
4011	-79.21
4012	254.60
4013	81.96
4014	-46.58
4015	219.68
4016	-67.30
4017	39.07
4018	48.04
4019	-32.68
4020	-30.37
4021	100.84
4022	65.44
4023	-33.75
4024	51.21
4025	78.41
4026	123.07
4027	-19.09
4028	115.67
4029	112.31
4030	6.88
4031	110.09
4032	67.79
4033	-182.31
4034	196.48
4035	-101.12
4036	66.69
4037	96.94
4038	-201.79
4039	-193.23
4040	-68.85
4041	-103.96
4042	234.37
4043	72.46
4044	113.87
4045	-22.06
4046	-26.62
4047	70.21
4048	-29.23
4049	-187.05
4050	35.49
4051	-37.04
4052	78.84
4053	-124.53
4054	-321.65
4055	157.46
4056	150.97
4057	-18.66
4058	-173.01
4059	-19.60
4060	-120.26
4061	-66.49
4062	9.42
4063	-178.59
4064	-232.77
4065	-15.78
4066	74.19
4067	92.56
4068	86.42
4069	50.72
4070	-74.40
4071	-180.46
4072	143.43
4073	-28.47
4074	163.69
4075	-44.69
4076	119.70
4077	186.53
4078	-19.14
4079	-186.74
4080	205.77
4081	-20.35
4082	-168.67
4083	47.55
4084	13.01
4085	-159.88
4086	-136.86
4087	93.07
4088	-183.21
4089	-9.66
4090	64.17
4091	-17.85
4092	160.10
4093	-9.50
4094	145.82
4095	59.43
4096	213.65
4097	227.86
4098	153.83
4099	109.77
4100	22.80
4101	-37.15
4102	190.58
4103	-0.59
4104	-8.08
4105	71.61
4106	92.33
4107	-47.75
4108	211.93
4109	-183.33
4110	-14.58
4111	53.96
4112	-250.68
4113	182.70
4114	155.24
4115	63.34
4116	56.07
4117	-39.41
4118	145.13
4119	-96.86
4120	32.29
4121	-12.04
4122	-56.33
4123	225.93
4124	97.61
4125	-52.11
4126	33.61
4127	87.21
4128	-5.09
4129	-38.47
4130	112.66
4131	-86.63
4132	72.11
4133	-34.38
4134	-57.02
4135	-15.55
4136	32.38
4137	106.25
4138	88.19
4139	-28.70
4140	69.59
4141	-230.08
4142	59.33
4143	57.85
4144	-138.60
4145	43.37
4146	-185.83
4147	58.11
4148	115.72
4149	100.50
4150	-2.05
4151	38.46
4152	-5.45
4153	153.94
4154	37.28
4155	109.98
4156	-105.27
4157	119.70
4158	-38.58
4159	107.81
4160	-147.63
4161	198.63
4162	147.63
4163	-54.84
4164	97.70
4165	-22.41
4166	-114.90
4167	117.50
4168	-19.57
4169	-14.68
4170	28.77
4171	-196.77
4172	-282.60
4173	-64.98
4174	75.58
4175	-161.74
4176	-50.79
4177	-67.86
4178	166.86
4179	81.57
4180	81.26
4181	-13.18
4182	-187.07
4183	167.04
4184	-41.43
4185	-193.34
4186	-47.00
4187	103.05
4188	88.41
4189	201.65
4190	57.05
4191	115.06
4192	-17.48
4193	98.82
4194	-1.69
4195	25.16
4196	-212.83
4197	-27.06
4198	147.49
4199	28.10
4200	94.63
4201	-136.99
4202	74.85
4203	-53.83
4204	-74.78
4205	-194.87
4206	18.86
4207	-227.60
4208	107.59
4209	-31.67
4210	-66.04
4211	162.50
4212	126.67
4213	-246.15
4214	48.17
4215	104.13
4216	-30.75
4217	-41.79
4218	-47.30
4219	78.70
4220	82.37
4221	-39.56
4222	-5.50
4223	105.10
4224	-194.25
4225	-44.24
4226	144.45
4227	119.61
4228	116.28
4229	101.31
4230	168.83
4231	221.34
4232	144.82
4233	199.13
4234	-142.77
4235	-203.85
4236	-48.48
4237	154.45
4238	-215.21
4239	-6.51
4240	-143.91
4241	-162.71
4242	166.84
4243	-202.33
4244	176.80
4245	-22.40
4246	-196.22
4247	-20.95
4248	209.31
4249	4.72
4250	197.34
4251	78.26
4252	95.55
4253	190.09
4254	101.55
4255	169.99
4256	-151.38
4257	-54.63
4258	56.07
4259	-19.40
4260	220.85
4261	-208.67
4262	116.24
4263	89.25
4264	11.84
4265	154.40
4266	100.04
4267	162.33
4268	92.81
4269	-162.51
4270	251.80
4271	-189.82
4272	118.77
4273	78.93
4274	173.60
4275	53.91
4276	107.69
4277	-46.19
4278	52.74
4279	-164.89
4280	-253.91
4281	112.66
4282	48.23
4283	107.15
4284	135.16
4285	62.25
4286	49.83
4287	75.45
4288	-35.64
4289	210.09
4290	-208.35
4291	-185.74
4292	109.98
4293	-3.96
4294	102.12
4295	-28.79
4296	195.36
4297	-20.33
4298	276.16
4299	171.45
4300	174.04
4301	211.05
4302	-164.82
4303	-211.90
4304	70.55
4305	110.89
4306	-28.77
4307	68.93
4308	33.14
4309	-190.01
4310	156.84
4311	-2.71
4312	-251.46
4313	-18.41
4314	-45.27
4315	-238.81
4316	-33.80
4317	19.06
4318	151.80
4319	65.71
4320	-20.44
4321	116.51
4322	70.33
4323	57.88
4324	115.82
4325	-219.44
4326	-122.70
4327	-184.88
4328	101.74
4329	-42.79
4330	192.30
4331	-121.94
4332	132.31
4333	73.08
4334	152.54
4335	93.33
4336	-264.26
4337	166.28
4338	71.90
4339	73.99
4340	55.13
4341	199.00
4342	64.83
4343	-183.18
4344	192.66
4345	-155.37
4346	-104.56
4347	-188.32
4348	72.87
4349	8.80
4350	125.95
4351	-182.18
4352	-220.68
4353	69.03
4354	88.38
4355	-255.95
4356	-80.05
4357	-186.03
4358	80.65
4359	77.23
4360	-211.45
4361	174.56
4362	70.87
4363	76.34
4364	41.25
4365	-239.17
4366	63.08
4367	-187.27
4368	-236.52
4369	17.84
4370	63.17
4371	-26.03
4372	111.69
4373	-238.00
4374	96.13
4375	-34.77
4376	-46.20
4377	-250.80
4378	169.97
4379	95.08
4380	-42.50
4381	-217.56
4382	64.08
4383	112.83
4384	-169.20
4385	81.92
4386	164.31
4387	94.82
4388	-45.02
4389	-51.82
4390	37.44
4391	-26.68
4392	16.14
4393	223.23
4394	-26.37
4395	92.60
4396	-31.69
4397	-66.29
4398	-180.70
4399	98.87
4400	234.91
4401	10.82
4402	-49.77
4403	62.63
4404	86.31
4405	225.36
4406	81.05
4407	-7.93
4408	112.11
4409	-1.94
4410	46.33
4411	-213.01
4412	51.88
4413	-171.45
4414	160.68
4415	92.00
4416	-189.71
4417	127.46
4418	95.06
4419	-21.60
4420	9.13
4421	81.19
4422	217.71
4423	151.49
4424	-8.41
4425	-177.06
4426	97.91
4427	107.39
4428	-293.98
4429	-35.94
4430	75.41
4431	90.03
4432	-164.89
4433	70.17
4434	-91.48
4435	-177.63
4436	-40.77
4437	46.71
4438	-33.77
4439	-18.39
4440	-25.85
4441	-32.95
4442	14.91
4443	217.70
4444	166.51
4445	-144.39
4446	-18.10
4447	0.60
4448	22.82
4449	160.21
4450	48.36
4451	83.06
4452	-173.35
4453	-165.05
4454	-61.19
4455	106.43
4456	86.65
4457	8.38
4458	19.35
4459	186.14
4460	0.44
4461	-26.60
4462	-30.36
4463	201.17
4464	-61.36
4465	94.83
4466	196.39
4467	170.82
4468	-227.67
4469	9.00
4470	202.16
4471	82.51
4472	171.12
4473	66.15
4474	134.61
4475	29.17
4476	-31.73
4477	115.26
4478	-77.23
4479	-53.97
4480	67.21
4481	115.04
4482	-91.82
4483	157.85
4484	-86.96
4485	-39.62
4486	47.78
4487	223.22
4488	-3.62
4489	215.79
4490	137.71
4491	104.18
4492	141.97
4493	54.52
4494	76.51
4495	116.21
4496	76.09
4497	-13.69
4498	-235.27
4499	63.38
4500	148.69
4501	70.34
4502	34.76
4503	-47.68
4504	-193.49
4505	-20.33
4506	-152.60
4507	-84.41
4508	166.88
4509	-149.43
4510	53.83
4511	68.80
4512	69.90
4513	-169.51
4514	76.69
4515	97.16
4516	74.44
4517	121.20
4518	83.36
4519	-104.68
4520	-29.14
4521	158.86
4522	-205.74
4523	80.53
4524	149.63
4525	86.51
4526	86.17
4527	49.99
4528	-42.69
4529	135.64
4530	86.18
4531	206.03
4532	78.71
4533	-86.06
4534	87.92
4535	189.77
4536	1.53
4537	-36.70
4538	-46.14
4539	196.88
4540	-60.59
4541	120.34
4542	-21.30
4543	174.42
4544	-99.62
4545	-86.27
4546	109.22
4547	-201.40
4548	98.60
4549	-173.27
4550	110.66
4551	-20.72
4552	-33.73
4553	-51.85
4554	56.38
4555	-47.94
4556	101.15
4557	-165.10
4558	68.77
4559	74.68
4560	-48.58
4561	-47.81
4562	-20.54
4563	84.18
4564	129.89
4565	99.95
4566	24.27
4567	138.51
4568	-135.23
4569	-12.78
4570	77.26
4571	86.76
4572	182.64
4573	-9.30
4574	-164.15
4575	-192.73
4576	61.65
4577	-158.61
4578	191.74
4579	106.61
4580	-275.49
4581	-264.24
4582	-271.93
4583	-185.43
4584	114.28
4585	79.60
